This is pdfTeX, Version 3.14159265-2.6-1.40.16 (TeX Live 2015/Debian) (preloaded format=pdflatex 2016.5.19)  13 NOV 2016 09:58
entering extended mode
 restricted \write18 enabled.
 %&-line parsing enabled.
**/home/attila/projects/monoallelic-brain/presentations/2016-10-29-monoall-general/2016-10-29-monoall-general.tex
(/home/attila/projects/monoallelic-brain/presentations/2016-10-29-monoall-general/2016-10-29-monoall-general.tex
LaTeX2e <2016/02/01>
Babel <3.9q> and hyphenation patterns for 81 language(s) loaded.
(/usr/share/texlive/texmf-dist/tex/latex/beamer/beamer.cls (/usr/share/texlive/texmf-dist/tex/latex/beamer/beamerbasercs.sty
Package: beamerbasercs 2015/03/08 (rcs-revision 368aa9ba9d38)
)
Document Class: beamer 2015/01/05 3.36 A class for typesetting presentations (rcs-revision 8a39122e1f63)
(/usr/share/texlive/texmf-dist/tex/latex/beamer/beamerbasemodes.sty
Package: beamerbasemodes 2013/09/03 (rcs-revision 768f2d98ca64)
\beamer@tempbox=\box26
\beamer@tempcount=\count79
\c@beamerpauses=\count80
 (/usr/share/texlive/texmf-dist/tex/latex/beamer/beamerbasedecode.sty
Package: beamerbasedecode 2010/05/01 (rcs-revision efa082c6111d)
\beamer@slideinframe=\count81
\beamer@minimum=\count82
)
\beamer@commentbox=\box27
\beamer@modecount=\count83
) (/usr/share/texlive/texmf-dist/tex/generic/oberdiek/ifpdf.sty
Package: ifpdf 2011/01/30 v2.3 Provides the ifpdf switch (HO)
Package ifpdf Info: pdfTeX in PDF mode is detected.
)
\headheight=\dimen102
\headdp=\dimen103
\footheight=\dimen104
\sidebarheight=\dimen105
\beamer@tempdim=\dimen106
\beamer@finalheight=\dimen107
\beamer@animht=\dimen108
\beamer@animdp=\dimen109
\beamer@animwd=\dimen110
\beamer@leftmargin=\dimen111
\beamer@rightmargin=\dimen112
\beamer@leftsidebar=\dimen113
\beamer@rightsidebar=\dimen114
\beamer@boxsize=\dimen115
\beamer@vboxoffset=\dimen116
\beamer@descdefault=\dimen117
\beamer@descriptionwidth=\dimen118
\beamer@lastskip=\skip41
\beamer@areabox=\box28
\beamer@animcurrent=\box29
\beamer@animshowbox=\box30
\beamer@sectionbox=\box31
\beamer@logobox=\box32
\beamer@linebox=\box33
\beamer@sectioncount=\count84
\beamer@subsubsectionmax=\count85
\beamer@subsectionmax=\count86
\beamer@sectionmax=\count87
\beamer@totalheads=\count88
\beamer@headcounter=\count89
\beamer@partstartpage=\count90
\beamer@sectionstartpage=\count91
\beamer@subsectionstartpage=\count92
\beamer@animationtempa=\count93
\beamer@animationtempb=\count94
\beamer@xpos=\count95
\beamer@ypos=\count96
\beamer@showpartnumber=\count97
\beamer@currentsubsection=\count98
\beamer@coveringdepth=\count99
\beamer@sectionadjust=\count100
\beamer@tocsectionnumber=\count101
 (/usr/share/texlive/texmf-dist/tex/latex/beamer/beamerbaseoptions.sty
Package: beamerbaseoptions 2013/03/10 (rcs-revision 47431932db0d)
 (/usr/share/texlive/texmf-dist/tex/latex/graphics/keyval.sty
Package: keyval 2014/10/28 v1.15 key=value parser (DPC)
\KV@toks@=\toks14
))
\beamer@paperwidth=\skip42
\beamer@paperheight=\skip43
 (/usr/share/texlive/texmf-dist/tex/latex/geometry/geometry.sty
Package: geometry 2010/09/12 v5.6 Page Geometry
 (/usr/share/texlive/texmf-dist/tex/generic/oberdiek/ifvtex.sty
Package: ifvtex 2010/03/01 v1.5 Detect VTeX and its facilities (HO)
Package ifvtex Info: VTeX not detected.
) (/usr/share/texlive/texmf-dist/tex/generic/ifxetex/ifxetex.sty
Package: ifxetex 2010/09/12 v0.6 Provides ifxetex conditional
)
\Gm@cnth=\count102
\Gm@cntv=\count103
\c@Gm@tempcnt=\count104
\Gm@bindingoffset=\dimen119
\Gm@wd@mp=\dimen120
\Gm@odd@mp=\dimen121
\Gm@even@mp=\dimen122
\Gm@layoutwidth=\dimen123
\Gm@layoutheight=\dimen124
\Gm@layouthoffset=\dimen125
\Gm@layoutvoffset=\dimen126
\Gm@dimlist=\toks15
) (/usr/share/texlive/texmf-dist/tex/latex/base/size11.clo
File: size11.clo 2014/09/29 v1.4h Standard LaTeX file (size option)
) (/usr/share/texlive/texmf-dist/tex/latex/pgf/basiclayer/pgfcore.sty (/usr/share/texlive/texmf-dist/tex/latex/graphics/graphicx.sty
Package: graphicx 2014/10/28 v1.0g Enhanced LaTeX Graphics (DPC,SPQR)
 (/usr/share/texlive/texmf-dist/tex/latex/graphics/graphics.sty
Package: graphics 2016/01/03 v1.0q Standard LaTeX Graphics (DPC,SPQR)
 (/usr/share/texlive/texmf-dist/tex/latex/graphics/trig.sty
Package: trig 2016/01/03 v1.10 sin cos tan (DPC)
) (/usr/share/texlive/texmf-dist/tex/latex/latexconfig/graphics.cfg
File: graphics.cfg 2010/04/23 v1.9 graphics configuration of TeX Live
)
Package graphics Info: Driver file: pdftex.def on input line 95.
 (/usr/share/texlive/texmf-dist/tex/latex/pdftex-def/pdftex.def
File: pdftex.def 2011/05/27 v0.06d Graphics/color for pdfTeX
 (/usr/share/texlive/texmf-dist/tex/generic/oberdiek/infwarerr.sty
Package: infwarerr 2010/04/08 v1.3 Providing info/warning/error messages (HO)
) (/usr/share/texlive/texmf-dist/tex/generic/oberdiek/ltxcmds.sty
Package: ltxcmds 2011/11/09 v1.22 LaTeX kernel commands for general use (HO)
)
\Gread@gobject=\count105
))
\Gin@req@height=\dimen127
\Gin@req@width=\dimen128
) (/usr/share/texlive/texmf-dist/tex/latex/pgf/systemlayer/pgfsys.sty (/usr/share/texlive/texmf-dist/tex/latex/pgf/utilities/pgfrcs.sty (/usr/share/texlive/texmf-dist/tex/generic/pgf/utilities/pgfutil-common.tex
\pgfutil@everybye=\toks16
\pgfutil@tempdima=\dimen129
\pgfutil@tempdimb=\dimen130
 (/usr/share/texlive/texmf-dist/tex/generic/pgf/utilities/pgfutil-common-lists.tex)) (/usr/share/texlive/texmf-dist/tex/generic/pgf/utilities/pgfutil-latex.def
\pgfutil@abb=\box34
 (/usr/share/texlive/texmf-dist/tex/latex/ms/everyshi.sty
Package: everyshi 2001/05/15 v3.00 EveryShipout Package (MS)
)) (/usr/share/texlive/texmf-dist/tex/generic/pgf/utilities/pgfrcs.code.tex
Package: pgfrcs 2015/08/07 v3.0.1a (rcs-revision 1.31)
)) (/usr/share/texlive/texmf-dist/tex/generic/pgf/systemlayer/pgfsys.code.tex
Package: pgfsys 2014/07/09 v3.0.1a (rcs-revision 1.48)
 (/usr/share/texlive/texmf-dist/tex/generic/pgf/utilities/pgfkeys.code.tex
\pgfkeys@pathtoks=\toks17
\pgfkeys@temptoks=\toks18
 (/usr/share/texlive/texmf-dist/tex/generic/pgf/utilities/pgfkeysfiltered.code.tex
\pgfkeys@tmptoks=\toks19
))
\pgf@x=\dimen131
\pgf@y=\dimen132
\pgf@xa=\dimen133
\pgf@ya=\dimen134
\pgf@xb=\dimen135
\pgf@yb=\dimen136
\pgf@xc=\dimen137
\pgf@yc=\dimen138
\w@pgf@writea=\write3
\r@pgf@reada=\read1
\c@pgf@counta=\count106
\c@pgf@countb=\count107
\c@pgf@countc=\count108
\c@pgf@countd=\count109
\t@pgf@toka=\toks20
\t@pgf@tokb=\toks21
\t@pgf@tokc=\toks22
 (/usr/share/texlive/texmf-dist/tex/generic/pgf/systemlayer/pgf.cfg
File: pgf.cfg 2008/05/14  (rcs-revision 1.7)
)
Driver file for pgf: pgfsys-pdftex.def
 (/usr/share/texlive/texmf-dist/tex/generic/pgf/systemlayer/pgfsys-pdftex.def
File: pgfsys-pdftex.def 2014/10/11  (rcs-revision 1.35)

(/usr/share/texlive/texmf-dist/tex/generic/pgf/systemlayer/pgfsys-common-pdf.def
File: pgfsys-common-pdf.def 2013/10/10  (rcs-revision 1.13)
))) (/usr/share/texlive/texmf-dist/tex/generic/pgf/systemlayer/pgfsyssoftpath.code.tex
File: pgfsyssoftpath.code.tex 2013/09/09  (rcs-revision 1.9)
\pgfsyssoftpath@smallbuffer@items=\count110
\pgfsyssoftpath@bigbuffer@items=\count111
) (/usr/share/texlive/texmf-dist/tex/generic/pgf/systemlayer/pgfsysprotocol.code.tex
File: pgfsysprotocol.code.tex 2006/10/16  (rcs-revision 1.4)
)) (/usr/share/texlive/texmf-dist/tex/latex/xcolor/xcolor.sty
Package: xcolor 2007/01/21 v2.11 LaTeX color extensions (UK)
 (/usr/share/texlive/texmf-dist/tex/latex/latexconfig/color.cfg
File: color.cfg 2007/01/18 v1.5 color configuration of teTeX/TeXLive
)
Package xcolor Info: Driver file: pdftex.def on input line 225.
Package xcolor Info: Model `cmy' substituted by `cmy0' on input line 1337.
Package xcolor Info: Model `hsb' substituted by `rgb' on input line 1341.
Package xcolor Info: Model `RGB' extended on input line 1353.
Package xcolor Info: Model `HTML' substituted by `rgb' on input line 1355.
Package xcolor Info: Model `Hsb' substituted by `hsb' on input line 1356.
Package xcolor Info: Model `tHsb' substituted by `hsb' on input line 1357.
Package xcolor Info: Model `HSB' substituted by `hsb' on input line 1358.
Package xcolor Info: Model `Gray' substituted by `gray' on input line 1359.
Package xcolor Info: Model `wave' substituted by `hsb' on input line 1360.
) (/usr/share/texlive/texmf-dist/tex/generic/pgf/basiclayer/pgfcore.code.tex
Package: pgfcore 2010/04/11 v3.0.1a (rcs-revision 1.7)
 (/usr/share/texlive/texmf-dist/tex/generic/pgf/math/pgfmath.code.tex (/usr/share/texlive/texmf-dist/tex/generic/pgf/math/pgfmathcalc.code.tex (/usr/share/texlive/texmf-dist/tex/generic/pgf/math/pgfmathutil.code.tex) (/usr/share/texlive/texmf-dist/tex/generic/pgf/math/pgfmathparser.code.tex
\pgfmath@dimen=\dimen139
\pgfmath@count=\count112
\pgfmath@box=\box35
\pgfmath@toks=\toks23
\pgfmath@stack@operand=\toks24
\pgfmath@stack@operation=\toks25
) (/usr/share/texlive/texmf-dist/tex/generic/pgf/math/pgfmathfunctions.code.tex (/usr/share/texlive/texmf-dist/tex/generic/pgf/math/pgfmathfunctions.basic.code.tex) (/usr/share/texlive/texmf-dist/tex/generic/pgf/math/pgfmathfunctions.trigonometric.code.tex) (/usr/share/texlive/texmf-dist/tex/generic/pgf/math/pgfmathfunctions.random.code.tex) (/usr/share/texlive/texmf-dist/tex/generic/pgf/math/pgfmathfunctions.comparison.code.tex) (/usr/share/texlive/texmf-dist/tex/generic/pgf/math/pgfmathfunctions.base.code.tex) (/usr/share/texlive/texmf-dist/tex/generic/pgf/math/pgfmathfunctions.round.code.tex) (/usr/share/texlive/texmf-dist/tex/generic/pgf/math/pgfmathfunctions.misc.code.tex) (/usr/share/texlive/texmf-dist/tex/generic/pgf/math/pgfmathfunctions.integerarithmetics.code.tex))) (/usr/share/texlive/texmf-dist/tex/generic/pgf/math/pgfmathfloat.code.tex
\c@pgfmathroundto@lastzeros=\count113
)) (/usr/share/texlive/texmf-dist/tex/generic/pgf/basiclayer/pgfcorepoints.code.tex
File: pgfcorepoints.code.tex 2013/10/07  (rcs-revision 1.27)
\pgf@picminx=\dimen140
\pgf@picmaxx=\dimen141
\pgf@picminy=\dimen142
\pgf@picmaxy=\dimen143
\pgf@pathminx=\dimen144
\pgf@pathmaxx=\dimen145
\pgf@pathminy=\dimen146
\pgf@pathmaxy=\dimen147
\pgf@xx=\dimen148
\pgf@xy=\dimen149
\pgf@yx=\dimen150
\pgf@yy=\dimen151
\pgf@zx=\dimen152
\pgf@zy=\dimen153
) (/usr/share/texlive/texmf-dist/tex/generic/pgf/basiclayer/pgfcorepathconstruct.code.tex
File: pgfcorepathconstruct.code.tex 2013/10/07  (rcs-revision 1.29)
\pgf@path@lastx=\dimen154
\pgf@path@lasty=\dimen155
) (/usr/share/texlive/texmf-dist/tex/generic/pgf/basiclayer/pgfcorepathusage.code.tex
File: pgfcorepathusage.code.tex 2014/11/02  (rcs-revision 1.24)
\pgf@shorten@end@additional=\dimen156
\pgf@shorten@start@additional=\dimen157
) (/usr/share/texlive/texmf-dist/tex/generic/pgf/basiclayer/pgfcorescopes.code.tex
File: pgfcorescopes.code.tex 2015/05/08  (rcs-revision 1.46)
\pgfpic=\box36
\pgf@hbox=\box37
\pgf@layerbox@main=\box38
\pgf@picture@serial@count=\count114
)
(/usr/share/texlive/texmf-dist/tex/generic/pgf/basiclayer/pgfcoregraphicstate.code.tex
File: pgfcoregraphicstate.code.tex 2014/11/02  (rcs-revision 1.12)
\pgflinewidth=\dimen158
) (/usr/share/texlive/texmf-dist/tex/generic/pgf/basiclayer/pgfcoretransformations.code.tex
File: pgfcoretransformations.code.tex 2015/08/07  (rcs-revision 1.20)
\pgf@pt@x=\dimen159
\pgf@pt@y=\dimen160
\pgf@pt@temp=\dimen161
) (/usr/share/texlive/texmf-dist/tex/generic/pgf/basiclayer/pgfcorequick.code.tex
File: pgfcorequick.code.tex 2008/10/09  (rcs-revision 1.3)
) (/usr/share/texlive/texmf-dist/tex/generic/pgf/basiclayer/pgfcoreobjects.code.tex
File: pgfcoreobjects.code.tex 2006/10/11  (rcs-revision 1.2)
) (/usr/share/texlive/texmf-dist/tex/generic/pgf/basiclayer/pgfcorepathprocessing.code.tex
File: pgfcorepathprocessing.code.tex 2013/09/09  (rcs-revision 1.9)
) (/usr/share/texlive/texmf-dist/tex/generic/pgf/basiclayer/pgfcorearrows.code.tex
File: pgfcorearrows.code.tex 2015/05/14  (rcs-revision 1.43)
\pgfarrowsep=\dimen162
) (/usr/share/texlive/texmf-dist/tex/generic/pgf/basiclayer/pgfcoreshade.code.tex
File: pgfcoreshade.code.tex 2013/07/15  (rcs-revision 1.15)
\pgf@max=\dimen163
\pgf@sys@shading@range@num=\count115
) (/usr/share/texlive/texmf-dist/tex/generic/pgf/basiclayer/pgfcoreimage.code.tex
File: pgfcoreimage.code.tex 2013/07/15  (rcs-revision 1.18)
 (/usr/share/texlive/texmf-dist/tex/generic/pgf/basiclayer/pgfcoreexternal.code.tex
File: pgfcoreexternal.code.tex 2014/07/09  (rcs-revision 1.21)
\pgfexternal@startupbox=\box39
)) (/usr/share/texlive/texmf-dist/tex/generic/pgf/basiclayer/pgfcorelayers.code.tex
File: pgfcorelayers.code.tex 2013/07/18  (rcs-revision 1.7)
) (/usr/share/texlive/texmf-dist/tex/generic/pgf/basiclayer/pgfcoretransparency.code.tex
File: pgfcoretransparency.code.tex 2013/09/30  (rcs-revision 1.5)
) (/usr/share/texlive/texmf-dist/tex/generic/pgf/basiclayer/pgfcorepatterns.code.tex
File: pgfcorepatterns.code.tex 2013/11/07  (rcs-revision 1.5)
))) (/usr/share/texlive/texmf-dist/tex/latex/pgf/utilities/xxcolor.sty
Package: xxcolor 2003/10/24 ver 0.1
\XC@nummixins=\count116
\XC@countmixins=\count117
) (/usr/share/texlive/texmf-dist/tex/generic/oberdiek/atbegshi.sty
Package: atbegshi 2011/10/05 v1.16 At begin shipout hook (HO)
) (/usr/share/texlive/texmf-dist/tex/latex/hyperref/hyperref.sty
Package: hyperref 2012/11/06 v6.83m Hypertext links for LaTeX
 (/usr/share/texlive/texmf-dist/tex/generic/oberdiek/hobsub-hyperref.sty
Package: hobsub-hyperref 2012/05/28 v1.13 Bundle oberdiek, subset hyperref (HO)
 (/usr/share/texlive/texmf-dist/tex/generic/oberdiek/hobsub-generic.sty
Package: hobsub-generic 2012/05/28 v1.13 Bundle oberdiek, subset generic (HO)
Package: hobsub 2012/05/28 v1.13 Construct package bundles (HO)
Package hobsub Info: Skipping package `infwarerr' (already loaded).
Package hobsub Info: Skipping package `ltxcmds' (already loaded).
Package: ifluatex 2010/03/01 v1.3 Provides the ifluatex switch (HO)
Package ifluatex Info: LuaTeX not detected.
Package hobsub Info: Skipping package `ifvtex' (already loaded).
Package: intcalc 2007/09/27 v1.1 Expandable calculations with integers (HO)
Package hobsub Info: Skipping package `ifpdf' (already loaded).
Package: etexcmds 2011/02/16 v1.5 Avoid name clashes with e-TeX commands (HO)
Package etexcmds Info: Could not find \expanded.
(etexcmds)             That can mean that you are not using pdfTeX 1.50 or
(etexcmds)             that some package has redefined \expanded.
(etexcmds)             In the latter case, load this package earlier.
Package: kvsetkeys 2012/04/25 v1.16 Key value parser (HO)
Package: kvdefinekeys 2011/04/07 v1.3 Define keys (HO)
Package: pdftexcmds 2011/11/29 v0.20 Utility functions of pdfTeX for LuaTeX (HO)
Package pdftexcmds Info: LuaTeX not detected.
Package pdftexcmds Info: \pdf@primitive is available.
Package pdftexcmds Info: \pdf@ifprimitive is available.
Package pdftexcmds Info: \pdfdraftmode found.
Package: pdfescape 2011/11/25 v1.13 Implements pdfTeX's escape features (HO)
Package: bigintcalc 2012/04/08 v1.3 Expandable calculations on big integers (HO)
Package: bitset 2011/01/30 v1.1 Handle bit-vector datatype (HO)
Package: uniquecounter 2011/01/30 v1.2 Provide unlimited unique counter (HO)
)
Package hobsub Info: Skipping package `hobsub' (already loaded).
Package: letltxmacro 2010/09/02 v1.4 Let assignment for LaTeX macros (HO)
Package: hopatch 2012/05/28 v1.2 Wrapper for package hooks (HO)
Package: xcolor-patch 2011/01/30 xcolor patch
Package: atveryend 2011/06/30 v1.8 Hooks at the very end of document (HO)
Package atveryend Info: \enddocument detected (standard20110627).
Package hobsub Info: Skipping package `atbegshi' (already loaded).
Package: refcount 2011/10/16 v3.4 Data extraction from label references (HO)
Package: hycolor 2011/01/30 v1.7 Color options for hyperref/bookmark (HO)
) (/usr/share/texlive/texmf-dist/tex/latex/oberdiek/auxhook.sty
Package: auxhook 2011/03/04 v1.3 Hooks for auxiliary files (HO)
) (/usr/share/texlive/texmf-dist/tex/latex/oberdiek/kvoptions.sty
Package: kvoptions 2011/06/30 v3.11 Key value format for package options (HO)
)
\@linkdim=\dimen164
\Hy@linkcounter=\count118
\Hy@pagecounter=\count119
 (/usr/share/texlive/texmf-dist/tex/latex/hyperref/pd1enc.def
File: pd1enc.def 2012/11/06 v6.83m Hyperref: PDFDocEncoding definition (HO)
)
\Hy@SavedSpaceFactor=\count120
 (/usr/share/texlive/texmf-dist/tex/latex/latexconfig/hyperref.cfg
File: hyperref.cfg 2002/06/06 v1.2 hyperref configuration of TeXLive
)
Package hyperref Info: Option `bookmarks' set `true' on input line 4319.
Package hyperref Info: Option `bookmarksopen' set `true' on input line 4319.
Package hyperref Info: Option `implicit' set `false' on input line 4319.
Package hyperref Info: Hyper figures OFF on input line 4443.
Package hyperref Info: Link nesting OFF on input line 4448.
Package hyperref Info: Hyper index ON on input line 4451.
Package hyperref Info: Plain pages OFF on input line 4458.
Package hyperref Info: Backreferencing OFF on input line 4463.
Package hyperref Info: Implicit mode OFF; no redefinition of LaTeX internals.
Package hyperref Info: Bookmarks ON on input line 4688.
\c@Hy@tempcnt=\count121
 (/usr/share/texlive/texmf-dist/tex/latex/url/url.sty
\Urlmuskip=\muskip10
Package: url 2013/09/16  ver 3.4  Verb mode for urls, etc.
)
LaTeX Info: Redefining \url on input line 5041.
\XeTeXLinkMargin=\dimen165
\Fld@menulength=\count122
\Field@Width=\dimen166
\Fld@charsize=\dimen167
Package hyperref Info: Hyper figures OFF on input line 6295.
Package hyperref Info: Link nesting OFF on input line 6300.
Package hyperref Info: Hyper index ON on input line 6303.
Package hyperref Info: backreferencing OFF on input line 6310.
Package hyperref Info: Link coloring OFF on input line 6315.
Package hyperref Info: Link coloring with OCG OFF on input line 6320.
Package hyperref Info: PDF/A mode OFF on input line 6325.
LaTeX Info: Redefining \ref on input line 6365.
LaTeX Info: Redefining \pageref on input line 6369.
\Hy@abspage=\count123


Package hyperref Message: Stopped early.

)

Package hyperref Message: Driver (autodetected): hpdftex.

(/usr/share/texlive/texmf-dist/tex/latex/hyperref/hpdftex.def
File: hpdftex.def 2012/11/06 v6.83m Hyperref driver for pdfTeX
\Fld@listcount=\count124
\c@bookmark@seq@number=\count125
 (/usr/share/texlive/texmf-dist/tex/latex/oberdiek/rerunfilecheck.sty
Package: rerunfilecheck 2011/04/15 v1.7 Rerun checks for auxiliary files (HO)
Package uniquecounter Info: New unique counter `rerunfilecheck' on input line 282.
)) (/usr/share/texlive/texmf-dist/tex/latex/beamer/beamerbaserequires.sty
Package: beamerbaserequires 2010/05/01  (rcs-revision efa082c6111d)
 (/usr/share/texlive/texmf-dist/tex/latex/beamer/beamerbasecompatibility.sty
Package: beamerbasecompatibility 2012/05/01  (rcs-revision 67c48b3b652d)
) (/usr/share/texlive/texmf-dist/tex/latex/beamer/beamerbasefont.sty
Package: beamerbasefont 2015/01/05  (rcs-revision b4b4bee242e2)
 (/usr/share/texlive/texmf-dist/tex/latex/amsfonts/amssymb.sty
Package: amssymb 2013/01/14 v3.01 AMS font symbols
 (/usr/share/texlive/texmf-dist/tex/latex/amsfonts/amsfonts.sty
Package: amsfonts 2013/01/14 v3.01 Basic AMSFonts support
\@emptytoks=\toks26
\symAMSa=\mathgroup4
\symAMSb=\mathgroup5
LaTeX Font Info:    Overwriting math alphabet `\mathfrak' in version `bold'
(Font)                  U/euf/m/n --> U/euf/b/n on input line 106.
)) (/usr/share/texlive/texmf-dist/tex/latex/sansmathaccent/sansmathaccent.sty
Package: sansmathaccent 2013/03/28
 (/usr/share/texlive/texmf-dist/tex/latex/filehook/filehook.sty
Package: filehook 2011/10/12 v0.5d Hooks for input files
))) (/usr/share/texlive/texmf-dist/tex/latex/beamer/beamerbasetranslator.sty
Package: beamerbasetranslator 2010/06/11  (rcs-revision 85fd1cc7fc42)
 (/usr/share/texlive/texmf-dist/tex/latex/beamer/translator/translator.sty
Package: translator 2010/06/12 ver 1.10
 (/usr/share/texlive/texmf-dist/tex/latex/beamer/translator/translator-language-mappings.tex))) (/usr/share/texlive/texmf-dist/tex/latex/beamer/beamerbasemisc.sty
Package: beamerbasemisc 2013/09/03  (rcs-revision a55719c41d85)
) (/usr/share/texlive/texmf-dist/tex/latex/beamer/beamerbasetwoscreens.sty
Package: beamerbasetwoscreens 2010/05/01  (rcs-revision efa082c6111d)
) (/usr/share/texlive/texmf-dist/tex/latex/beamer/beamerbaseoverlay.sty
Package: beamerbaseoverlay 2013/12/25  (rcs-revision f6bd5e3805da)
\beamer@argscount=\count126
\beamer@lastskipcover=\skip44
\beamer@trivlistdepth=\count127
) (/usr/share/texlive/texmf-dist/tex/latex/beamer/beamerbasetitle.sty
Package: beamerbasetitle 2010/09/21  (rcs-revision f0446ed0b6ae)
) (/usr/share/texlive/texmf-dist/tex/latex/beamer/beamerbasesection.sty
Package: beamerbasesection 2013/06/07  (rcs-revision 60b9fe0f342f)
\c@lecture=\count128
\c@part=\count129
\c@section=\count130
\c@subsection=\count131
\c@subsubsection=\count132
) (/usr/share/texlive/texmf-dist/tex/latex/beamer/beamerbaseframe.sty
Package: beamerbaseframe 2014/02/20  (rcs-revision 4b8ceeeff434)
\beamer@framebox=\box40
\beamer@frametitlebox=\box41
\beamer@zoombox=\box42
\beamer@zoomcount=\count133
\beamer@zoomframecount=\count134
\beamer@frametextheight=\dimen168
\c@subsectionslide=\count135
\beamer@frametopskip=\skip45
\beamer@framebottomskip=\skip46
\beamer@frametopskipautobreak=\skip47
\beamer@framebottomskipautobreak=\skip48
\beamer@envbody=\toks27
\framewidth=\dimen169
\c@framenumber=\count136
) (/usr/share/texlive/texmf-dist/tex/latex/beamer/beamerbaseverbatim.sty
Package: beamerbaseverbatim 2015/01/05  (rcs-revision 431510bb5890)
\beamer@verbatimfileout=\write4
) (/usr/share/texlive/texmf-dist/tex/latex/beamer/beamerbaseframesize.sty
Package: beamerbaseframesize 2011/09/12  (rcs-revision 70f9d8411e54)
\beamer@splitbox=\box43
\beamer@autobreakcount=\count137
\beamer@autobreaklastheight=\dimen170
\beamer@frametitletoks=\toks28
\beamer@framesubtitletoks=\toks29
) (/usr/share/texlive/texmf-dist/tex/latex/beamer/beamerbaseframecomponents.sty
Package: beamerbaseframecomponents 2013/10/18  (rcs-revision 5cf6c5555a45)
\beamer@footins=\box44
) (/usr/share/texlive/texmf-dist/tex/latex/beamer/beamerbasecolor.sty
Package: beamerbasecolor 2015/02/21  (rcs-revision d944b04ee2d5)
) (/usr/share/texlive/texmf-dist/tex/latex/beamer/beamerbasenotes.sty
Package: beamerbasenotes 2012/12/19  (rcs-revision 1686da3db3c9)
\beamer@frameboxcopy=\box45
) (/usr/share/texlive/texmf-dist/tex/latex/beamer/beamerbasetoc.sty
Package: beamerbasetoc 2015/03/08  (rcs-revision 7270298bbaae)
) (/usr/share/texlive/texmf-dist/tex/latex/beamer/beamerbasetemplates.sty
Package: beamerbasetemplates 2010/05/01  (rcs-revision efa082c6111d)
\beamer@sbttoks=\toks30
 (/usr/share/texlive/texmf-dist/tex/latex/beamer/beamerbaseauxtemplates.sty
Package: beamerbaseauxtemplates 2014/06/30  (rcs-revision 580088513a67)
 (/usr/share/texlive/texmf-dist/tex/latex/beamer/beamerbaseboxes.sty
Package: beamerbaseboxes 2012/05/13  (rcs-revision 56972908a390)
\bmb@box=\box46
\bmb@colorbox=\box47
\bmb@boxshadow=\box48
\bmb@boxshadowball=\box49
\bmb@boxshadowballlarge=\box50
\bmb@temp=\dimen171
\bmb@dima=\dimen172
\bmb@dimb=\dimen173
\bmb@prevheight=\dimen174
)
\beamer@blockheadheight=\dimen175
))
(/usr/share/texlive/texmf-dist/tex/latex/beamer/beamerbaselocalstructure.sty
Package: beamerbaselocalstructure 2014/09/10  (rcs-revision 393f6dcff371)
 (/usr/share/texlive/texmf-dist/tex/latex/tools/enumerate.sty
Package: enumerate 2015/07/23 v3.00 enumerate extensions (DPC)
\@enLab=\toks31
)
\c@figure=\count138
\c@table=\count139
\abovecaptionskip=\skip49
\belowcaptionskip=\skip50
) (/usr/share/texlive/texmf-dist/tex/latex/beamer/beamerbasenavigation.sty
Package: beamerbasenavigation 2015/02/27  (rcs-revision 923f4bf87efa)
\beamer@section@min@dim=\dimen176
) (/usr/share/texlive/texmf-dist/tex/latex/beamer/beamerbasetheorems.sty
Package: beamerbasetheorems 2010/06/06  (rcs-revision 7e7cc5e53e9d)
 (/usr/share/texlive/texmf-dist/tex/latex/amsmath/amsmath.sty
Package: amsmath 2016/03/03 v2.15a AMS math features
\@mathmargin=\skip51

For additional information on amsmath, use the `?' option.
(/usr/share/texlive/texmf-dist/tex/latex/amsmath/amstext.sty
Package: amstext 2000/06/29 v2.01 AMS text
 (/usr/share/texlive/texmf-dist/tex/latex/amsmath/amsgen.sty
File: amsgen.sty 1999/11/30 v2.0 generic functions
\@emptytoks=\toks32
\ex@=\dimen177
)) (/usr/share/texlive/texmf-dist/tex/latex/amsmath/amsbsy.sty
Package: amsbsy 1999/11/29 v1.2d Bold Symbols
\pmbraise@=\dimen178
) (/usr/share/texlive/texmf-dist/tex/latex/amsmath/amsopn.sty
Package: amsopn 1999/12/14 v2.01 operator names
)
\inf@bad=\count140
LaTeX Info: Redefining \frac on input line 199.
\uproot@=\count141
\leftroot@=\count142
LaTeX Info: Redefining \overline on input line 297.
\classnum@=\count143
\DOTSCASE@=\count144
LaTeX Info: Redefining \ldots on input line 394.
LaTeX Info: Redefining \dots on input line 397.
LaTeX Info: Redefining \cdots on input line 518.
\Mathstrutbox@=\box51
\strutbox@=\box52
\big@size=\dimen179
LaTeX Font Info:    Redeclaring font encoding OML on input line 630.
LaTeX Font Info:    Redeclaring font encoding OMS on input line 631.
\macc@depth=\count145
\c@MaxMatrixCols=\count146
\dotsspace@=\muskip11
\c@parentequation=\count147
\dspbrk@lvl=\count148
\tag@help=\toks33
\row@=\count149
\column@=\count150
\maxfields@=\count151
\andhelp@=\toks34
\eqnshift@=\dimen180
\alignsep@=\dimen181
\tagshift@=\dimen182
\tagwidth@=\dimen183
\totwidth@=\dimen184
\lineht@=\dimen185
\@envbody=\toks35
\multlinegap=\skip52
\multlinetaggap=\skip53
\mathdisplay@stack=\toks36
LaTeX Info: Redefining \[ on input line 2735.
LaTeX Info: Redefining \] on input line 2736.
) (/usr/share/texlive/texmf-dist/tex/latex/amscls/amsthm.sty
Package: amsthm 2015/03/04 v2.20.2
\thm@style=\toks37
\thm@bodyfont=\toks38
\thm@headfont=\toks39
\thm@notefont=\toks40
\thm@headpunct=\toks41
\thm@preskip=\skip54
\thm@postskip=\skip55
\thm@headsep=\skip56
\dth@everypar=\toks42
)
\c@theorem=\count152
) (/usr/share/texlive/texmf-dist/tex/latex/beamer/beamerbasethemes.sty
Package: beamerbasethemes 2010/05/01  (rcs-revision efa082c6111d)
)) (/usr/share/texlive/texmf-dist/tex/latex/beamer/themes/theme/beamerthemedefault.sty
Package: beamerthemedefault 2010/06/17  (rcs-revision d02a7cf4d8ae)
 (/usr/share/texlive/texmf-dist/tex/latex/beamer/themes/font/beamerfontthemedefault.sty
Package: beamerfontthemedefault 2012/12/19  (rcs-revision 1686da3db3c9)
) (/usr/share/texlive/texmf-dist/tex/latex/beamer/themes/color/beamercolorthemedefault.sty
Package: beamercolorthemedefault 2012/12/19  (rcs-revision 1686da3db3c9)
) (/usr/share/texlive/texmf-dist/tex/latex/beamer/themes/inner/beamerinnerthemedefault.sty
Package: beamerinnerthemedefault 2014/06/30  (rcs-revision 580088513a67)
\beamer@dima=\dimen186
\beamer@dimb=\dimen187
) (/usr/share/texlive/texmf-dist/tex/latex/beamer/themes/outer/beamerouterthemedefault.sty
Package: beamerouterthemedefault 2012/12/19  (rcs-revision 1686da3db3c9)
))) (/usr/share/texlive/texmf-dist/tex/latex/beamer/multimedia/multimedia.sty
Package: multimedia 2012/05/02 ver 0.02
\mm@movie=\count153
) (/usr/share/texlive/texmf-dist/tex/latex/multirow/multirow.sty
\bigstrutjot=\dimen188
) (/usr/share/texlive/texmf-dist/tex/latex/pgf/frontendlayer/tikz.sty (/usr/share/texlive/texmf-dist/tex/latex/pgf/basiclayer/pgf.sty
Package: pgf 2015/08/07 v3.0.1a (rcs-revision 1.15)
 (/usr/share/texlive/texmf-dist/tex/generic/pgf/modules/pgfmoduleshapes.code.tex
File: pgfmoduleshapes.code.tex 2014/03/21  (rcs-revision 1.35)
\pgfnodeparttextbox=\box53
) (/usr/share/texlive/texmf-dist/tex/generic/pgf/modules/pgfmoduleplot.code.tex
File: pgfmoduleplot.code.tex 2015/08/03  (rcs-revision 1.13)
) (/usr/share/texlive/texmf-dist/tex/latex/pgf/compatibility/pgfcomp-version-0-65.sty
Package: pgfcomp-version-0-65 2007/07/03 v3.0.1a (rcs-revision 1.7)
\pgf@nodesepstart=\dimen189
\pgf@nodesepend=\dimen190
) (/usr/share/texlive/texmf-dist/tex/latex/pgf/compatibility/pgfcomp-version-1-18.sty
Package: pgfcomp-version-1-18 2007/07/23 v3.0.1a (rcs-revision 1.1)
)) (/usr/share/texlive/texmf-dist/tex/latex/pgf/utilities/pgffor.sty (/usr/share/texlive/texmf-dist/tex/latex/pgf/utilities/pgfkeys.sty (/usr/share/texlive/texmf-dist/tex/generic/pgf/utilities/pgfkeys.code.tex)) (/usr/share/texlive/texmf-dist/tex/latex/pgf/math/pgfmath.sty (/usr/share/texlive/texmf-dist/tex/generic/pgf/math/pgfmath.code.tex)) (/usr/share/texlive/texmf-dist/tex/generic/pgf/utilities/pgffor.code.tex
Package: pgffor 2013/12/13 v3.0.1a (rcs-revision 1.25)
 (/usr/share/texlive/texmf-dist/tex/generic/pgf/math/pgfmath.code.tex)
\pgffor@iter=\dimen191
\pgffor@skip=\dimen192
\pgffor@stack=\toks43
\pgffor@toks=\toks44
)) (/usr/share/texlive/texmf-dist/tex/generic/pgf/frontendlayer/tikz/tikz.code.tex
Package: tikz 2015/08/07 v3.0.1a (rcs-revision 1.151)

(/usr/share/texlive/texmf-dist/tex/generic/pgf/libraries/pgflibraryplothandlers.code.tex
File: pgflibraryplothandlers.code.tex 2013/08/31 v3.0.1a (rcs-revision 1.20)
\pgf@plot@mark@count=\count154
\pgfplotmarksize=\dimen193
)
\tikz@lastx=\dimen194
\tikz@lasty=\dimen195
\tikz@lastxsaved=\dimen196
\tikz@lastysaved=\dimen197
\tikzleveldistance=\dimen198
\tikzsiblingdistance=\dimen199
\tikz@figbox=\box54
\tikz@figbox@bg=\box55
\tikz@tempbox=\box56
\tikz@tempbox@bg=\box57
\tikztreelevel=\count155
\tikznumberofchildren=\count156
\tikznumberofcurrentchild=\count157
\tikz@fig@count=\count158
 (/usr/share/texlive/texmf-dist/tex/generic/pgf/modules/pgfmodulematrix.code.tex
File: pgfmodulematrix.code.tex 2013/09/17  (rcs-revision 1.8)
\pgfmatrixcurrentrow=\count159
\pgfmatrixcurrentcolumn=\count160
\pgf@matrix@numberofcolumns=\count161
)
\tikz@expandcount=\count162
 (/usr/share/texlive/texmf-dist/tex/generic/pgf/frontendlayer/tikz/libraries/tikzlibrarytopaths.code.tex
File: tikzlibrarytopaths.code.tex 2008/06/17 v3.0.1a (rcs-revision 1.2)
))) (/usr/share/texlive/texmf-dist/tex/latex/beamer/themes/theme/beamerthemeCopenhagen.sty
Package: beamerthemeCopenhagen 2010/06/17  (rcs-revision d02a7cf4d8ae)
 (/usr/share/texlive/texmf-dist/tex/latex/beamer/themes/outer/beamerouterthemesplit.sty
Package: beamerouterthemesplit 2012/10/16  (rcs-revision 51a8c72084af)
) (/usr/share/texlive/texmf-dist/tex/latex/beamer/themes/inner/beamerinnerthemerounded.sty
Package: beamerinnerthemerounded 2010/06/17  (rcs-revision d02a7cf4d8ae)
) (/usr/share/texlive/texmf-dist/tex/latex/beamer/themes/color/beamercolorthemewhale.sty
Package: beamercolorthemewhale 2010/06/17  (rcs-revision d02a7cf4d8ae)
) (/usr/share/texlive/texmf-dist/tex/latex/beamer/themes/color/beamercolorthemeorchid.sty
Package: beamercolorthemeorchid 2010/06/17  (rcs-revision d02a7cf4d8ae)
)) (/usr/share/texlive/texmf-dist/tex/latex/beamer/themes/color/beamercolorthemebeaver.sty
Package: beamercolorthemebeaver 2010/06/17  (rcs-revision d02a7cf4d8ae)
) (/home/attila/projects/monoallelic-brain/presentations/2016-10-29-monoall-general/.tmp/vGiceya/38/2016-10-29-monoall-general.aux

LaTeX Warning: Label `cmc<1>' multiply defined.


LaTeX Warning: Label `cmc' multiply defined.


LaTeX Warning: Label `all-betas<1>' multiply defined.


LaTeX Warning: Label `all-betas' multiply defined.

)
\openout1 = `2016-10-29-monoall-general.aux'.

LaTeX Font Info:    Checking defaults for OML/cmm/m/it on input line 45.
LaTeX Font Info:    ... okay on input line 45.
LaTeX Font Info:    Checking defaults for T1/cmr/m/n on input line 45.
LaTeX Font Info:    ... okay on input line 45.
LaTeX Font Info:    Checking defaults for OT1/cmr/m/n on input line 45.
LaTeX Font Info:    ... okay on input line 45.
LaTeX Font Info:    Checking defaults for OMS/cmsy/m/n on input line 45.
LaTeX Font Info:    ... okay on input line 45.
LaTeX Font Info:    Checking defaults for OMX/cmex/m/n on input line 45.
LaTeX Font Info:    ... okay on input line 45.
LaTeX Font Info:    Checking defaults for U/cmr/m/n on input line 45.
LaTeX Font Info:    ... okay on input line 45.
LaTeX Font Info:    Checking defaults for PD1/pdf/m/n on input line 45.
LaTeX Font Info:    ... okay on input line 45.

*geometry* driver: auto-detecting
*geometry* detected driver: pdftex
*geometry* verbose mode - [ preamble ] result:
* driver: pdftex
* paper: custom
* layout: <same size as paper>
* layoutoffset:(h,v)=(0.0pt,0.0pt)
* modes: includehead includefoot 
* h-part:(L,W,R)=(28.45274pt, 307.28987pt, 28.45274pt)
* v-part:(T,H,B)=(0.0pt, 273.14662pt, 0.0pt)
* \paperwidth=364.19536pt
* \paperheight=273.14662pt
* \textwidth=307.28987pt
* \textheight=244.6939pt
* \oddsidemargin=-43.81725pt
* \evensidemargin=-43.81725pt
* \topmargin=-72.26999pt
* \headheight=14.22636pt
* \headsep=0.0pt
* \topskip=11.0pt
* \footskip=14.22636pt
* \marginparwidth=4.0pt
* \marginparsep=10.0pt
* \columnsep=10.0pt
* \skip\footins=10.0pt plus 4.0pt minus 2.0pt
* \hoffset=0.0pt
* \voffset=0.0pt
* \mag=1000
* \@twocolumnfalse
* \@twosidefalse
* \@mparswitchfalse
* \@reversemarginfalse
* (1in=72.27pt=25.4mm, 1cm=28.453pt)

(/usr/share/texlive/texmf-dist/tex/context/base/supp-pdf.mkii
[Loading MPS to PDF converter (version 2006.09.02).]
\scratchcounter=\count163
\scratchdimen=\dimen256
\scratchbox=\box58
\nofMPsegments=\count164
\nofMParguments=\count165
\everyMPshowfont=\toks45
\MPscratchCnt=\count166
\MPscratchDim=\dimen257
\MPnumerator=\count167
\makeMPintoPDFobject=\count168
\everyMPtoPDFconversion=\toks46
) (/usr/share/texlive/texmf-dist/tex/latex/oberdiek/epstopdf-base.sty
Package: epstopdf-base 2010/02/09 v2.5 Base part for package epstopdf
 (/usr/share/texlive/texmf-dist/tex/latex/oberdiek/grfext.sty
Package: grfext 2010/08/19 v1.1 Manage graphics extensions (HO)
)
Package grfext Info: Graphics extension search list:
(grfext)             [.png,.pdf,.jpg,.mps,.jpeg,.jbig2,.jb2,.PNG,.PDF,.JPG,.JPEG,.JBIG2,.JB2,.eps]
(grfext)             \AppendGraphicsExtensions on input line 452.
 (/usr/share/texlive/texmf-dist/tex/latex/latexconfig/epstopdf-sys.cfg
File: epstopdf-sys.cfg 2010/07/13 v1.3 Configuration of (r)epstopdf for TeX Live
)) ABD: EveryShipout initializing macros
\AtBeginShipoutBox=\box59
Package hyperref Info: Link coloring OFF on input line 45.
 (/usr/share/texlive/texmf-dist/tex/latex/hyperref/nameref.sty
Package: nameref 2012/10/27 v2.43 Cross-referencing by name of section
 (/usr/share/texlive/texmf-dist/tex/generic/oberdiek/gettitlestring.sty
Package: gettitlestring 2010/12/03 v1.4 Cleanup title references (HO)
)
\c@section@level=\count169
)
LaTeX Info: Redefining \ref on input line 45.
LaTeX Info: Redefining \pageref on input line 45.
LaTeX Info: Redefining \nameref on input line 45.
 (/home/attila/projects/monoallelic-brain/presentations/2016-10-29-monoall-general/.tmp/vGiceya/38/2016-10-29-monoall-general.out) (/home/attila/projects/monoallelic-brain/presentations/2016-10-29-monoall-general/.tmp/vGiceya/38/2016-10-29-monoall-general.out)
\@outlinefile=\write5
\openout5 = `2016-10-29-monoall-general.out'.

LaTeX Font Info:    Overwriting symbol font `operators' in version `normal'
(Font)                  OT1/cmr/m/n --> OT1/cmss/m/n on input line 45.
LaTeX Font Info:    Overwriting symbol font `operators' in version `bold'
(Font)                  OT1/cmr/bx/n --> OT1/cmss/bx/n on input line 45.
\symnumbers=\mathgroup6
\sympureletters=\mathgroup7
LaTeX Font Info:    Overwriting math alphabet `\mathrm' in version `normal'
(Font)                  OT1/cmss/m/n --> OT1/cmr/m/n on input line 45.
LaTeX Font Info:    Redeclaring math alphabet \mathbf on input line 45.
LaTeX Font Info:    Overwriting math alphabet `\mathbf' in version `normal'
(Font)                  OT1/cmr/bx/n --> OT1/cmss/bx/n on input line 45.
LaTeX Font Info:    Overwriting math alphabet `\mathbf' in version `bold'
(Font)                  OT1/cmr/bx/n --> OT1/cmss/bx/n on input line 45.
LaTeX Font Info:    Redeclaring math alphabet \mathsf on input line 45.
LaTeX Font Info:    Overwriting math alphabet `\mathsf' in version `normal'
(Font)                  OT1/cmss/m/n --> OT1/cmss/m/n on input line 45.
LaTeX Font Info:    Overwriting math alphabet `\mathsf' in version `bold'
(Font)                  OT1/cmss/bx/n --> OT1/cmss/m/n on input line 45.
LaTeX Font Info:    Redeclaring math alphabet \mathit on input line 45.
LaTeX Font Info:    Overwriting math alphabet `\mathit' in version `normal'
(Font)                  OT1/cmr/m/it --> OT1/cmss/m/it on input line 45.
LaTeX Font Info:    Overwriting math alphabet `\mathit' in version `bold'
(Font)                  OT1/cmr/bx/it --> OT1/cmss/m/it on input line 45.
LaTeX Font Info:    Redeclaring math alphabet \mathtt on input line 45.
LaTeX Font Info:    Overwriting math alphabet `\mathtt' in version `normal'
(Font)                  OT1/cmtt/m/n --> OT1/cmtt/m/n on input line 45.
LaTeX Font Info:    Overwriting math alphabet `\mathtt' in version `bold'
(Font)                  OT1/cmtt/m/n --> OT1/cmtt/m/n on input line 45.
LaTeX Font Info:    Overwriting symbol font `numbers' in version `bold'
(Font)                  OT1/cmss/m/n --> OT1/cmss/bx/n on input line 45.
LaTeX Font Info:    Overwriting symbol font `pureletters' in version `bold'
(Font)                  OT1/cmss/m/it --> OT1/cmss/bx/it on input line 45.
LaTeX Font Info:    Overwriting math alphabet `\mathrm' in version `bold'
(Font)                  OT1/cmss/bx/n --> OT1/cmr/bx/n on input line 45.
LaTeX Font Info:    Overwriting math alphabet `\mathbf' in version `bold'
(Font)                  OT1/cmss/bx/n --> OT1/cmss/bx/n on input line 45.
LaTeX Font Info:    Overwriting math alphabet `\mathsf' in version `bold'
(Font)                  OT1/cmss/m/n --> OT1/cmss/bx/n on input line 45.
LaTeX Font Info:    Overwriting math alphabet `\mathit' in version `bold'
(Font)                  OT1/cmss/m/it --> OT1/cmss/bx/it on input line 45.
LaTeX Font Info:    Overwriting math alphabet `\mathtt' in version `bold'
(Font)                  OT1/cmtt/m/n --> OT1/cmtt/bx/n on input line 45.
LaTeX Font Info:    Redeclaring symbol font `pureletters' on input line 45.
LaTeX Font Info:    Overwriting symbol font `pureletters' in version `normal'
(Font)                  OT1/cmss/m/it --> OT1/mathkerncmss/m/sl on input line 45.
LaTeX Font Info:    Overwriting symbol font `pureletters' in version `bold'
(Font)                  OT1/cmss/bx/it --> OT1/mathkerncmss/m/sl on input line 45.
LaTeX Font Info:    Overwriting symbol font `pureletters' in version `bold'
(Font)                  OT1/mathkerncmss/m/sl --> OT1/mathkerncmss/bx/sl on input line 45.
 (/usr/share/texlive/texmf-dist/tex/latex/beamer/translator/dicts/translator-basic-dictionary/translator-basic-dictionary-English.dict
Dictionary: translator-basic-dictionary, Language: English 
) (/usr/share/texlive/texmf-dist/tex/latex/beamer/translator/dicts/translator-bibliography-dictionary/translator-bibliography-dictionary-English.dict
Dictionary: translator-bibliography-dictionary, Language: English 
) (/usr/share/texlive/texmf-dist/tex/latex/beamer/translator/dicts/translator-environment-dictionary/translator-environment-dictionary-English.dict
Dictionary: translator-environment-dictionary, Language: English 
) (/usr/share/texlive/texmf-dist/tex/latex/beamer/translator/dicts/translator-months-dictionary/translator-months-dictionary-English.dict
Dictionary: translator-months-dictionary, Language: English 
) (/usr/share/texlive/texmf-dist/tex/latex/beamer/translator/dicts/translator-numbers-dictionary/translator-numbers-dictionary-English.dict
Dictionary: translator-numbers-dictionary, Language: English 
) (/usr/share/texlive/texmf-dist/tex/latex/beamer/translator/dicts/translator-theorem-dictionary/translator-theorem-dictionary-English.dict
Dictionary: translator-theorem-dictionary, Language: English 
)
LaTeX Info: Redefining \includegraphics on input line 45.
 (/home/attila/projects/monoallelic-brain/presentations/2016-10-29-monoall-general/.tmp/vGiceya/38/2016-10-29-monoall-general.nav) <figures/from-others/poduri-2013-fig1ef.jpg, id=41, 153.2124pt x 145.7445pt>
File: figures/from-others/poduri-2013-fig1ef.jpg Graphic file (type jpg)
 <use figures/from-others/poduri-2013-fig1ef.jpg>
Package pdftex.def Info: figures/from-others/poduri-2013-fig1ef.jpg used on input line 51.
(pdftex.def)             Requested size: 177.80597pt x 169.12865pt.


LaTeX Font Warning: Font shape `OT1/cmss/m/n' in size <4> not available
(Font)              size <5> substituted on input line 51.

[1{/var/lib/texmf/fonts/map/pdftex/updmap/pdftex.map}

 <./figures/from-others/poduri-2013-fig1ef.jpg>] [2

] (/home/attila/projects/monoallelic-brain/presentations/2016-10-29-monoall-general/.tmp/vGiceya/38/2016-10-29-monoall-general.toc) [3

] <figures/from-others/plasschaert-bartolomei-2014-fig1.jpeg, id=149, 308.352pt x 244.2726pt>
File: figures/from-others/plasschaert-bartolomei-2014-fig1.jpeg Graphic file (type jpg)
 <use figures/from-others/plasschaert-bartolomei-2014-fig1.jpeg>
Package pdftex.def Info: figures/from-others/plasschaert-bartolomei-2014-fig1.jpeg used on input line 74.
(pdftex.def)             Requested size: 213.49709pt x 169.12865pt.
 [4

 <./figures/from-others/plasschaert-bartolomei-2014-fig1.jpeg>] <figures/from-others/renfree-2012-fig2.jpg, id=184, 308.352pt x 202.356pt>
File: figures/from-others/renfree-2012-fig2.jpg Graphic file (type jpg)
 <use figures/from-others/renfree-2012-fig2.jpg>
Package pdftex.def Info: figures/from-others/renfree-2012-fig2.jpg used on input line 104.
(pdftex.def)             Requested size: 122.91406pt x 80.66307pt.
 <figures/from-others/smits-et-al-2008-fig5.jpg, id=185, 652.4375pt x 442.65375pt>
File: figures/from-others/smits-et-al-2008-fig5.jpg Graphic file (type jpg)
 <use figures/from-others/smits-et-al-2008-fig5.jpg>
Package pdftex.def Info: figures/from-others/smits-et-al-2008-fig5.jpg used on input line 104.
(pdftex.def)             Requested size: 184.3758pt x 125.09044pt.
 [5

 <./figures/from-others/renfree-2012-fig2.jpg> <./figures/from-others/smits-et-al-2008-fig5.jpg>] <figures/from-others/peters-2014-imprinting-fig1b.jpg, id=218, 949.5475pt x 205.76875pt>
File: figures/from-others/peters-2014-imprinting-fig1b.jpg Graphic file (type jpg)
 <use figures/from-others/peters-2014-imprinting-fig1b.jpg>
Package pdftex.def Info: figures/from-others/peters-2014-imprinting-fig1b.jpg used on input line 156.
(pdftex.def)             Requested size: 199.73653pt x 43.28178pt.
 <figures/from-others/boy-with-a-puppet-Giovanni-Francesco-Caroto.jpg, id=219, 815.045pt x 1003.75pt>
File: figures/from-others/boy-with-a-puppet-Giovanni-Francesco-Caroto.jpg Graphic file (type jpg)
 <use figures/from-others/boy-with-a-puppet-Giovanni-Francesco-Caroto.jpg>
Package pdftex.def Info: figures/from-others/boy-with-a-puppet-Giovanni-Francesco-Caroto.jpg used on input line 156.
(pdftex.def)             Requested size: 99.86826pt x 122.98724pt.
 <figures/from-others/Eugenia-Martínez-Vallejo-clothed-cropped.jpg, id=220, 149.43571pt x 199.32532pt>
File: figures/from-others/Eugenia-Martínez-Vallejo-clothed-cropped.jpg Graphic file (type jpg)
 <use figures/from-others/Eugenia-Martínez-Vallejo-clothed-cropped.jpg>
Package pdftex.def Info: figures/from-others/Eugenia-Martínez-Vallejo-clothed-cropped.jpg used on input line 156.
(pdftex.def)             Requested size: 99.86826pt x 133.2127pt.
 <figures/from-others/sullivan-natrevgenet-2012-fig1b.jpg, id=221, 803.0pt x 426.59375pt>
File: figures/from-others/sullivan-natrevgenet-2012-fig1b.jpg Graphic file (type jpg)
 <use figures/from-others/sullivan-natrevgenet-2012-fig1b.jpg>
Package pdftex.def Info: figures/from-others/sullivan-natrevgenet-2012-fig1b.jpg used on input line 156.
(pdftex.def)             Requested size: 215.10196pt x 114.27054pt.

Overfull \vbox (127.36815pt too high) detected at line 156
 []

[6

 <./figures/from-others/peters-2014-imprinting-fig1b.jpg> <./figures/from-others/boy-with-a-puppet-Giovanni-Francesco-Caroto.jpg> <./figures/from-others/Eugenia-Martínez-Vallejo-clothed-cropped.jpg> <./figures/from-others/sullivan-natrevgenet-2012-fig1b.jpg>]
File: figures/from-others/peters-2014-imprinting-fig1b.jpg Graphic file (type jpg)
 <use figures/from-others/peters-2014-imprinting-fig1b.jpg>
Package pdftex.def Info: figures/from-others/peters-2014-imprinting-fig1b.jpg used on input line 156.
(pdftex.def)             Requested size: 199.73653pt x 43.28178pt.
File: figures/from-others/sullivan-natrevgenet-2012-fig1b.jpg Graphic file (type jpg)
 <use figures/from-others/sullivan-natrevgenet-2012-fig1b.jpg>
Package pdftex.def Info: figures/from-others/sullivan-natrevgenet-2012-fig1b.jpg used on input line 156.
(pdftex.def)             Requested size: 215.10196pt x 114.27054pt.
 [7

] <figures/from-others/crespi-2008-fig3.png, id=287, 327.02174pt x 169.47314pt>
File: figures/from-others/crespi-2008-fig3.png Graphic file (type png)
 <use figures/from-others/crespi-2008-fig3.png>
Package pdftex.def Info: figures/from-others/crespi-2008-fig3.png used on input line 167.
(pdftex.def)             Requested size: 215.10196pt x 111.47249pt.
 [8

 <./figures/from-others/crespi-2008-fig3.png (PNG copy)>] <figures/from-others/ubeda-2012-fig3a.jpg, id=319, 142.01054pt x 135.1449pt>
File: figures/from-others/ubeda-2012-fig3a.jpg Graphic file (type jpg)
 <use figures/from-others/ubeda-2012-fig3a.jpg>
Package pdftex.def Info: figures/from-others/ubeda-2012-fig3a.jpg used on input line 191.
(pdftex.def)             Requested size: 126.94588pt x 120.8067pt.
 <figures/from-others/perez-2015-elife-fig4b.png, id=320, 1109.14375pt x 593.21625pt>
File: figures/from-others/perez-2015-elife-fig4b.png Graphic file (type png)
 <use figures/from-others/perez-2015-elife-fig4b.png>
Package pdftex.def Info: figures/from-others/perez-2015-elife-fig4b.png used on input line 191.
(pdftex.def)             Requested size: 135.51166pt x 72.48476pt.
 [9

 <./figures/from-others/ubeda-2012-fig3a.jpg> <./figures/from-others/perez-2015-elife-fig4b.png (PNG copy)>] [10

] <figures/by-me/commonmind-rna-seq/commonmind-rna-seq.pdf, id=385, 496.49791pt x 300.68436pt>
File: figures/by-me/commonmind-rna-seq/commonmind-rna-seq.pdf Graphic file (type pdf)
 <use figures/by-me/commonmind-rna-seq/commonmind-rna-seq.pdf>
Package pdftex.def Info: figures/by-me/commonmind-rna-seq/commonmind-rna-seq.pdf used on input line 215.
(pdftex.def)             Requested size: 299.22684pt x 181.21005pt.
 [11

 <./figures/by-me/commonmind-rna-seq/commonmind-rna-seq.pdf>] (/home/attila/projects/monoallelic-brain/presentations/2016-10-29-monoall-general/.tmp/vGiceya/38/2016-10-29-monoall-general.toc) [12

] <figures/2016-08-01-ifats-filters/venn-total-finalf-called-1.pdf, id=496, 505.89pt x 505.89pt>
File: figures/2016-08-01-ifats-filters/venn-total-finalf-called-1.pdf Graphic file (type pdf)
 <use figures/2016-08-01-ifats-filters/venn-total-finalf-called-1.pdf>
Package pdftex.def Info: figures/2016-08-01-ifats-filters/venn-total-finalf-called-1.pdf used on input line 240.
(pdftex.def)             Requested size: 169.12875pt x 169.12865pt.

Overfull \hbox (15.48383pt too wide) in paragraph at lines 240--240
[][]  
 []

<figures/2016-08-01-ifats-filters/top-ranking-genes-1.pdf, id=497, 252.945pt x 505.89pt>
File: figures/2016-08-01-ifats-filters/top-ranking-genes-1.pdf Graphic file (type pdf)
 <use figures/2016-08-01-ifats-filters/top-ranking-genes-1.pdf>
Package pdftex.def Info: figures/2016-08-01-ifats-filters/top-ranking-genes-1.pdf used on input line 240.
(pdftex.def)             Requested size: 84.56438pt x 169.12865pt.
 [13

 <./figures/2016-08-01-ifats-filters/venn-total-finalf-called-1.pdf> <./figures/2016-08-01-ifats-filters/top-ranking-genes-1.pdf>] <figures/2016-08-23-glm-sampling-distributions/PEG3-data-only-1.png, id=541, 505.89pt x 505.89pt>
File: figures/2016-08-23-glm-sampling-distributions/PEG3-data-only-1.png Graphic file (type png)
 <use figures/2016-08-23-glm-sampling-distributions/PEG3-data-only-1.png>
Package pdftex.def Info: figures/2016-08-23-glm-sampling-distributions/PEG3-data-only-1.png used on input line 308.
(pdftex.def)             Requested size: 184.3758pt x 184.37427pt.
LaTeX Font Info:    Try loading font information for U+msa on input line 308.
 (/usr/share/texlive/texmf-dist/tex/latex/amsfonts/umsa.fd
File: umsa.fd 2013/01/14 v3.01 AMS symbols A
)
LaTeX Font Info:    Try loading font information for U+msb on input line 308.
 (/usr/share/texlive/texmf-dist/tex/latex/amsfonts/umsb.fd
File: umsb.fd 2013/01/14 v3.01 AMS symbols B
)
LaTeX Font Info:    Try loading font information for OT1+mathkerncmss on input line 308.
 (/usr/share/texlive/texmf-dist/tex/latex/sansmathaccent/ot1mathkerncmss.fd
File: ot1mathkerncmss.fd 2013/03/27 Fontinst v1.933 font definitions for OT1/mathkerncmss.
) [14

 <./figures/2016-08-23-glm-sampling-distributions/PEG3-data-only-1.png (PNG copy)>] <figures/2016-08-23-glm-sampling-distributions/PEG3-1.png, id=579, 505.89pt x 505.89pt>
File: figures/2016-08-23-glm-sampling-distributions/PEG3-1.png Graphic file (type png)
 <use figures/2016-08-23-glm-sampling-distributions/PEG3-1.png>
Package pdftex.def Info: figures/2016-08-23-glm-sampling-distributions/PEG3-1.png used on input line 308.
(pdftex.def)             Requested size: 184.3758pt x 184.37427pt.
 [15

 <./figures/2016-08-23-glm-sampling-distributions/PEG3-1.png (PNG copy)>]
File: figures/2016-08-23-glm-sampling-distributions/PEG3-1.png Graphic file (type png)
 <use figures/2016-08-23-glm-sampling-distributions/PEG3-1.png>
Package pdftex.def Info: figures/2016-08-23-glm-sampling-distributions/PEG3-1.png used on input line 308.
(pdftex.def)             Requested size: 184.3758pt x 184.37427pt.
 [16

] <figures/2016-08-21-likelihood-surface/explain-rll-wireframe-1.png, id=642, 433.62pt x 433.62pt>
File: figures/2016-08-21-likelihood-surface/explain-rll-wireframe-1.png Graphic file (type png)
 <use figures/2016-08-21-likelihood-surface/explain-rll-wireframe-1.png>
Package pdftex.def Info: figures/2016-08-21-likelihood-surface/explain-rll-wireframe-1.png used on input line 322.
(pdftex.def)             Requested size: 173.44492pt x 173.44492pt.

Overfull \hbox (19.79999pt too wide) in paragraph at lines 322--322
[][]  
 []

<figures/2016-08-21-likelihood-surface/explain-rll-levelplot-B-1.png, id=643, 361.35pt x 361.35pt>
File: figures/2016-08-21-likelihood-surface/explain-rll-levelplot-B-1.png Graphic file (type png)
 <use figures/2016-08-21-likelihood-surface/explain-rll-levelplot-B-1.png>
Package pdftex.def Info: figures/2016-08-21-likelihood-surface/explain-rll-levelplot-B-1.png used on input line 322.
(pdftex.def)             Requested size: 144.53743pt x 144.53743pt.
 [17

 <./figures/2016-08-21-likelihood-surface/explain-rll-wireframe-1.png (PNG copy)> <./figures/2016-08-21-likelihood-surface/explain-rll-levelplot-B-1.png (PNG copy)>] <figures/2016-06-22-extending-anova/reg-coef-wnlm-Q-1.pdf, id=678, 505.89pt x 859.21pt>
File: figures/2016-06-22-extending-anova/reg-coef-wnlm-Q-1.pdf Graphic file (type pdf)
 <use figures/2016-06-22-extending-anova/reg-coef-wnlm-Q-1.pdf>
Package pdftex.def Info: figures/2016-06-22-extending-anova/reg-coef-wnlm-Q-1.pdf used on input line 340.
(pdftex.def)             Requested size: 142.25804pt x 241.61342pt.
 <figures/2016-06-22-extending-anova/reg-coef-logi-S-filt-1.pdf, id=679, 505.89pt x 859.21pt>
File: figures/2016-06-22-extending-anova/reg-coef-logi-S-filt-1.pdf Graphic file (type pdf)
 <use figures/2016-06-22-extending-anova/reg-coef-logi-S-filt-1.pdf>
Package pdftex.def Info: figures/2016-06-22-extending-anova/reg-coef-logi-S-filt-1.pdf used on input line 340.
(pdftex.def)             Requested size: 142.25804pt x 241.61342pt.
 [18

 <./figures/2016-06-22-extending-anova/reg-coef-wnlm-Q-1.pdf> <./figures/2016-06-22-extending-anova/reg-coef-logi-S-filt-1.pdf>] <figures/by-me/monoall-dependencies-2/designed/designed.pdf, id=722, 142.06474pt x 222.73413pt>
File: figures/by-me/monoall-dependencies-2/designed/designed.pdf Graphic file (type pdf)
 <use figures/by-me/monoall-dependencies-2/designed/designed.pdf>
Package pdftex.def Info: figures/by-me/monoall-dependencies-2/designed/designed.pdf used on input line 382.
(pdftex.def)             Requested size: 99.44463pt x 155.91283pt.
 <figures/by-me/monoall-dependencies-2/obs/obs.pdf, id=723, 143.61955pt x 169.38985pt>
File: figures/by-me/monoall-dependencies-2/obs/obs.pdf Graphic file (type pdf)
 <use figures/by-me/monoall-dependencies-2/obs/obs.pdf>
Package pdftex.def Info: figures/by-me/monoall-dependencies-2/obs/obs.pdf used on input line 382.
(pdftex.def)             Requested size: 100.53299pt x 118.57207pt.
 <figures/from-others/tony-smith-die.png, id=724, 461.725pt x 401.5pt>
File: figures/from-others/tony-smith-die.png Graphic file (type png)
 <use figures/from-others/tony-smith-die.png>
Package pdftex.def Info: figures/from-others/tony-smith-die.png used on input line 382.
(pdftex.def)             Requested size: 97.24692pt x 84.56616pt.
 <figures/from-others/tony-smith-new-piece.png, id=725, 481.8pt x 401.5pt>
File: figures/from-others/tony-smith-new-piece.png Graphic file (type png)
 <use figures/from-others/tony-smith-new-piece.png>
Package pdftex.def Info: figures/from-others/tony-smith-new-piece.png used on input line 382.
(pdftex.def)             Requested size: 101.47505pt x 84.56616pt.
 [19

 <./figures/by-me/monoall-dependencies-2/designed/designed.pdf> <./figures/by-me/monoall-dependencies-2/obs/obs.pdf> <./figures/from-others/tony-smith-die.png> <./figures/from-others/tony-smith-new-piece.png>]pdfTeX warning (ext4): destination with the same identifier (name{cmc<1>}) has been already used, duplicate ignored
<to be read again> 
                   \relax 
l.385 \againframe{cmc}
                      pdfTeX warning (ext4): destination with the same identifier (name{cmc}) has been already used, duplicate ignored
<to be read again> 
                   \relax 
l.385 \againframe{cmc}
                      
File: figures/by-me/commonmind-rna-seq/commonmind-rna-seq.pdf Graphic file (type pdf)
 <use figures/by-me/commonmind-rna-seq/commonmind-rna-seq.pdf>
Package pdftex.def Info: figures/by-me/commonmind-rna-seq/commonmind-rna-seq.pdf used on input line 385.
(pdftex.def)             Requested size: 299.22684pt x 181.21005pt.
 [20

] <figures/2016-08-21-likelihood-surface/ll-surf-coefs-wnlm-Q-1.png, id=832, 505.89pt x 455.20062pt>
File: figures/2016-08-21-likelihood-surface/ll-surf-coefs-wnlm-Q-1.png Graphic file (type png)
 <use figures/2016-08-21-likelihood-surface/ll-surf-coefs-wnlm-Q-1.png>
Package pdftex.def Info: figures/2016-08-21-likelihood-surface/ll-surf-coefs-wnlm-Q-1.png used on input line 401.
(pdftex.def)             Requested size: 202.3524pt x 182.07701pt.
 [21

 <./figures/2016-08-21-likelihood-surface/ll-surf-coefs-wnlm-Q-1.png (PNG copy)>] <figures/2016-06-22-extending-anova/anova-fw-rv-wnlm-Q-1.pdf, id=865, 505.89pt x 505.89pt>
File: figures/2016-06-22-extending-anova/anova-fw-rv-wnlm-Q-1.pdf Graphic file (type pdf)
 <use figures/2016-06-22-extending-anova/anova-fw-rv-wnlm-Q-1.pdf>
Package pdftex.def Info: figures/2016-06-22-extending-anova/anova-fw-rv-wnlm-Q-1.pdf used on input line 409.
(pdftex.def)             Requested size: 202.3524pt x 202.3524pt.

Overfull \vbox (4.14839pt too high) detected at line 409
 []

[22

 <./figures/2016-06-22-extending-anova/anova-fw-rv-wnlm-Q-1.pdf>]pdfTeX warning (ext4): destination with the same identifier (name{all-betas<1>}) has been already used, duplicate ignored
<to be read again> 
                   \relax 
l.431 \againframe[plain]{all-betas}
                                   pdfTeX warning (ext4): destination with the same identifier (name{all-betas}) has been already used, duplicate ignored
<to be read again> 
                   \relax 
l.431 \againframe[plain]{all-betas}
                                   
File: figures/2016-06-22-extending-anova/reg-coef-wnlm-Q-1.pdf Graphic file (type pdf)
 <use figures/2016-06-22-extending-anova/reg-coef-wnlm-Q-1.pdf>
Package pdftex.def Info: figures/2016-06-22-extending-anova/reg-coef-wnlm-Q-1.pdf used on input line 431.
(pdftex.def)             Requested size: 142.25804pt x 241.61342pt.
File: figures/2016-06-22-extending-anova/reg-coef-logi-S-filt-1.pdf Graphic file (type pdf)
 <use figures/2016-06-22-extending-anova/reg-coef-logi-S-filt-1.pdf>
Package pdftex.def Info: figures/2016-06-22-extending-anova/reg-coef-logi-S-filt-1.pdf used on input line 431.
(pdftex.def)             Requested size: 142.25804pt x 241.61342pt.
 [23

] <figures/2016-08-08-imprinted-gene-clusters/segplot-wnlm-Q-99conf-1.pdf, id=933, 505.89pt x 505.89pt>
File: figures/2016-08-08-imprinted-gene-clusters/segplot-wnlm-Q-99conf-1.pdf Graphic file (type pdf)
 <use figures/2016-08-08-imprinted-gene-clusters/segplot-wnlm-Q-99conf-1.pdf>
Package pdftex.def Info: figures/2016-08-08-imprinted-gene-clusters/segplot-wnlm-Q-99conf-1.pdf used on input line 460.
(pdftex.def)             Requested size: 153.64493pt x 153.64394pt.
 [24

 <./figures/2016-08-08-imprinted-gene-clusters/segplot-wnlm-Q-99conf-1.pdf>]
File: figures/2016-08-08-imprinted-gene-clusters/segplot-wnlm-Q-99conf-1.pdf Graphic file (type pdf)
 <use figures/2016-08-08-imprinted-gene-clusters/segplot-wnlm-Q-99conf-1.pdf>
Package pdftex.def Info: figures/2016-08-08-imprinted-gene-clusters/segplot-wnlm-Q-99conf-1.pdf used on input line 460.
(pdftex.def)             Requested size: 153.64493pt x 153.64394pt.
 <figures/2016-06-22-extending-anova/logi-S-filtered-wnlm-Q-compare-4pred-1.pdf, id=975, 505.89pt x 505.89pt>
File: figures/2016-06-22-extending-anova/logi-S-filtered-wnlm-Q-compare-4pred-1.pdf Graphic file (type pdf)
 <use figures/2016-06-22-extending-anova/logi-S-filtered-wnlm-Q-compare-4pred-1.pdf>
Package pdftex.def Info: figures/2016-06-22-extending-anova/logi-S-filtered-wnlm-Q-compare-4pred-1.pdf used on input line 460.
(pdftex.def)             Requested size: 153.64493pt x 153.64394pt.
 [25

 <./figures/2016-06-22-extending-anova/logi-S-filtered-wnlm-Q-compare-4pred-1.pdf>] <figures/2016-10-03-permutation-test/p-values-1.pdf, id=1018, 505.89pt x 404.51125pt>
File: figures/2016-10-03-permutation-test/p-values-1.pdf Graphic file (type pdf)
 <use figures/2016-10-03-permutation-test/p-values-1.pdf>
Package pdftex.def Info: figures/2016-10-03-permutation-test/p-values-1.pdf used on input line 470.
(pdftex.def)             Requested size: 202.3524pt x 161.80162pt.
 [26

 <./figures/2016-10-03-permutation-test/p-values-1.pdf>] (../../results/signif-gene-effects-either-manual-annot.tex)
Overfull \hbox (24.14473pt too wide) in paragraph at lines 1--476
[][] 
 []

[27

] <figures/2016-10-20-differential-expression-scz/venn-triple-1.pdf, id=1095, 505.89pt x 505.89pt>
File: figures/2016-10-20-differential-expression-scz/venn-triple-1.pdf Graphic file (type pdf)
 <use figures/2016-10-20-differential-expression-scz/venn-triple-1.pdf>
Package pdftex.def Info: figures/2016-10-20-differential-expression-scz/venn-triple-1.pdf used on input line 517.
(pdftex.def)             Requested size: 193.29001pt x 193.29146pt.

Overfull \vbox (8.68745pt too high) detected at line 517
 []

[28

 <./figures/2016-10-20-differential-expression-scz/venn-triple-1.pdf>] [29

] <figures/by-me/monoall-dependencies-2/obs-simple-general/obs-simple-general.pdf, id=1168, 128.03734pt x 112.5294pt>
File: figures/by-me/monoall-dependencies-2/obs-simple-general/obs-simple-general.pdf Graphic file (type pdf)
 <use figures/by-me/monoall-dependencies-2/obs-simple-general/obs-simple-general.pdf>
Package pdftex.def Info: figures/by-me/monoall-dependencies-2/obs-simple-general/obs-simple-general.pdf used on input line 569.
(pdftex.def)             Requested size: 89.6255pt x 78.77003pt.
 <figures/by-me/monoall-dependencies-2/obs-bayesian/obs-bayesian.pdf, id=1169, 128.03734pt x 172.88489pt>
File: figures/by-me/monoall-dependencies-2/obs-bayesian/obs-bayesian.pdf Graphic file (type pdf)
 <use figures/by-me/monoall-dependencies-2/obs-bayesian/obs-bayesian.pdf>
Package pdftex.def Info: figures/by-me/monoall-dependencies-2/obs-bayesian/obs-bayesian.pdf used on input line 569.
(pdftex.def)             Requested size: 89.6255pt x 121.01859pt.

Overfull \hbox (4.55623pt too wide) detected at line 569
[][][] [][][][][][][][][] [][][][][][][][][] [][][][][][][] 
 []

[30

 <./figures/by-me/monoall-dependencies-2/obs-simple-general/obs-simple-general.pdf> <./figures/by-me/monoall-dependencies-2/obs-bayesian/obs-bayesian.pdf>] <figures/from-others/psychENCODE.png, id=1228, 392.46625pt x 381.425pt>
File: figures/from-others/psychENCODE.png Graphic file (type png)
 <use figures/from-others/psychENCODE.png>
Package pdftex.def Info: figures/from-others/psychENCODE.png used on input line 569.
(pdftex.def)             Requested size: 92.1879pt x 89.59413pt.
File: figures/by-me/monoall-dependencies-2/obs-bayesian/obs-bayesian.pdf Graphic file (type pdf)
 <use figures/by-me/monoall-dependencies-2/obs-bayesian/obs-bayesian.pdf>
Package pdftex.def Info: figures/by-me/monoall-dependencies-2/obs-bayesian/obs-bayesian.pdf used on input line 569.
(pdftex.def)             Requested size: 89.6255pt x 121.01859pt.

Overfull \hbox (4.55623pt too wide) detected at line 569
[][][] [][][][][][][][][] [][][][][][][][][] [][][][][][][] 
 []

[31

 <./figures/from-others/psychENCODE.png (PNG copy)>] <figures/from-others/chess-board.jpg, id=1260, 628.3475pt x 628.3475pt>
File: figures/from-others/chess-board.jpg Graphic file (type jpg)
 <use figures/from-others/chess-board.jpg>
Package pdftex.def Info: figures/from-others/chess-board.jpg used on input line 589.
(pdftex.def)             Requested size: 122.91406pt x 122.90598pt.
 [32

 <./figures/from-others/chess-board.jpg>]
\tf@nav=\write6
\openout6 = `2016-10-29-monoall-general.nav'.

\tf@toc=\write7
\openout7 = `2016-10-29-monoall-general.toc'.

\tf@snm=\write8
\openout8 = `2016-10-29-monoall-general.snm'.

Package atveryend Info: Empty hook `BeforeClearDocument' on input line 591.
Package atveryend Info: Empty hook `AfterLastShipout' on input line 591.
 (/home/attila/projects/monoallelic-brain/presentations/2016-10-29-monoall-general/.tmp/vGiceya/38/2016-10-29-monoall-general.aux)
Package atveryend Info: Executing hook `AtVeryEndDocument' on input line 591.
Package atveryend Info: Executing hook `AtEndAfterFileList' on input line 591.
Package rerunfilecheck Info: File `2016-10-29-monoall-general.out' has not changed.
(rerunfilecheck)             Checksum: 183299E27DF2E7D2677CD5152EC3EA0E;398.


LaTeX Font Warning: Size substitutions with differences
(Font)              up to 1.0pt have occurred.


LaTeX Warning: There were multiply-defined labels.

Package atveryend Info: Empty hook `AtVeryVeryEnd' on input line 591.
 ) 
Here is how much of TeX's memory you used:
 20586 strings out of 493029
 420132 string characters out of 6136234
 477837 words of memory out of 5000000
 23468 multiletter control sequences out of 15000+600000
 17487 words of font info for 64 fonts, out of 8000000 for 9000
 1141 hyphenation exceptions out of 8191
 56i,19n,63p,487b,918s stack positions out of 5000i,500n,10000p,200000b,80000s
</usr/share/texlive/texmf-dist/fonts/type1/public/amsfonts/cm/cmmi10.pfb></usr/share/texlive/texmf-dist/fonts/type1/public/amsfonts/cm/cmmi12.pfb></usr/share/texlive/texmf-dist/fonts/type1/public/amsfonts/cm/cmmi7.pfb></usr/share/texlive/texmf-dist/fonts/type1/public/amsfonts/cm/cmmi8.pfb></usr/share/texlive/texmf-dist/fonts/type1/public/amsfonts/cm/cmmi9.pfb></usr/share/texlive/texmf-dist/fonts/type1/public/amsfonts/cm/cmr10.pfb></usr/share/texlive/texmf-dist/fonts/type1/public/amsfonts/cm/cmr12.pfb></usr/share/texlive/texmf-dist/fonts/type1/public/amsfonts/cm/cmr6.pfb></usr/share/texlive/texmf-dist/fonts/type1/public/amsfonts/cm/cmr7.pfb></usr/share/texlive/texmf-dist/fonts/type1/public/amsfonts/cm/cmr9.pfb></usr/share/texlive/texmf-dist/fonts/type1/public/amsfonts/cm/cmss10.pfb></usr/share/texlive/texmf-dist/fonts/type1/public/amsfonts/cm/cmss12.pfb></usr/share/texlive/texmf-dist/fonts/type1/public/amsfonts/cm/cmss8.pfb></usr/share/texlive/texmf-dist/fonts/type1/public/amsfonts/cm/cmss9.pfb></usr/share/texlive/texmf-dist/fonts/type1/public/amsfonts/cm/cmssi8.pfb></usr/share/texlive/texmf-dist/fonts/type1/public/amsfonts/cm/cmssi9.pfb></usr/share/texlive/texmf-dist/fonts/type1/public/amsfonts/cm/cmsy10.pfb></usr/share/texlive/texmf-dist/fonts/type1/public/amsfonts/cm/cmsy6.pfb></usr/share/texlive/texmf-dist/fonts/type1/public/amsfonts/cm/cmsy7.pfb></usr/share/texlive/texmf-dist/fonts/type1/public/amsfonts/cm/cmsy9.pfb>
Output written on /home/attila/projects/monoallelic-brain/presentations/2016-10-29-monoall-general/.tmp/vGiceya/38/2016-10-29-monoall-general.pdf (32 pages, 3599054 bytes).
PDF statistics:
 1365 PDF objects out of 1440 (max. 8388607)
 1229 compressed objects within 13 object streams
 126 named destinations out of 1000 (max. 500000)
 307 words of extra memory for PDF output out of 10000 (max. 10000000)

